# JRE version: Java(TM) SE Runtime Environment (25.0.3+9) (build 25.0.3+9-LTS-195)
# Java VM: Java HotSpot(TM) 64-Bit Server VM (25.0.3+9-LTS-195, mixed mode, emulated-client, sharing, tiered, compressed oops, compressed class ptrs, g1 gc, windows-amd64)
GC Precious Log:
 CardTable entry size: 512
 Card Set container configuration: InlinePtr #cards 4 size 8 Array Of Cards #cards 16 size 48 Howl #buckets 8 coarsen threshold 3686 Howl Bitmap #cards 512 size 80 coarsen threshold 460 Card regions per heap region 1 cards per card region 4096
 CPUs: 16 total, 16 available
 Memory: 16087M
 Large Page Support: Disabled
 NUMA Support: Disabled
 Compressed Oops: Enabled (Zero based)
 Heap Region Size: 2M
 Heap Min Capacity: 8M
 Heap Initial Capacity: 252M
 Heap Max Capacity: 4022M
 Pre-touch: Disabled
 Parallel Workers: 13
 Concurrent Workers: 3
 Concurrent Refinement Workers: 13
 Periodic GC: Disabled
Heap:
 garbage-first heap   total reserved 4118528K, committed 77824K, used 46186K [0x0000000704a00000, 0x0000000800000000)
  region size 2048K, 13 young (26624K), 3 survivors (6144K)
GC Heap Usage History (20 events):
Event: 860.505 {heap After GC invocations=14 (full 1):
 garbage-first heap   total reserved 4118528K, committed 75776K, used 21602K [0x0000000704a00000, 0x0000000800000000)
  region size 2048K, 0 young (0K), 0 survivors (0K)
}
Event: 860.710 {heap Before GC invocations=14 (full 1):
 garbage-first heap   total reserved 4118528K, committed 75776K, used 60514K [0x0000000704a00000, 0x0000000800000000)
  region size 2048K, 20 young (40960K), 0 survivors (0K)
}
Event: 860.712 {heap After GC invocations=15 (full 1):
 garbage-first heap   total reserved 4118528K, committed 75776K, used 27746K [0x0000000704a00000, 0x0000000800000000)
  region size 2048K, 3 young (6144K), 3 survivors (6144K)
}
Event: 3574.812 {heap Before GC invocations=15 (full 1):
 garbage-first heap   total reserved 4118528K, committed 75776K, used 62562K [0x0000000704a00000, 0x0000000800000000)
  region size 2048K, 21 young (43008K), 3 survivors (6144K)
}
Event: 3574.837 {heap After GC invocations=16 (full 1):
 garbage-first heap   total reserved 4118528K, committed 75776K, used 29506K [0x0000000704a00000, 0x0000000800000000)
  region size 2048K, 2 young (4096K), 2 survivors (4096K)
}
Event: 4605.680 {heap Before GC invocations=16 (full 1):
 garbage-first heap   total reserved 4118528K, committed 75776K, used 62274K [0x0000000704a00000, 0x0000000800000000)
  region size 2048K, 18 young (36864K), 2 survivors (4096K)
}
Event: 4605.702 {heap After GC invocations=17 (full 1):
 garbage-first heap   total reserved 4118528K, committed 75776K, used 28843K [0x0000000704a00000, 0x0000000800000000)
  region size 2048K, 2 young (4096K), 2 survivors (4096K)
}
Event: 5594.819 {heap Before GC invocations=17 (full 1):
 garbage-first heap   total reserved 4118528K, committed 75776K, used 63659K [0x0000000704a00000, 0x0000000800000000)
  region size 2048K, 19 young (38912K), 2 survivors (4096K)
}
Event: 5594.836 {heap After GC invocations=18 (full 1):
 garbage-first heap   total reserved 4118528K, committed 75776K, used 28890K [0x0000000704a00000, 0x0000000800000000)
  region size 2048K, 2 young (4096K), 2 survivors (4096K)
}
Event: 6728.412 {heap Before GC invocations=18 (full 1):
 garbage-first heap   total reserved 4118528K, committed 75776K, used 63706K [0x0000000704a00000, 0x0000000800000000)
  region size 2048K, 19 young (38912K), 2 survivors (4096K)
}
Event: 6728.425 {heap After GC invocations=19 (full 1):
 garbage-first heap   total reserved 4118528K, committed 75776K, used 28791K [0x0000000704a00000, 0x0000000800000000)
  region size 2048K, 2 young (4096K), 2 survivors (4096K)
}
Event: 7892.771 {heap Before GC invocations=19 (full 1):
 garbage-first heap   total reserved 4118528K, committed 75776K, used 65655K [0x0000000704a00000, 0x0000000800000000)
  region size 2048K, 20 young (40960K), 2 survivors (4096K)
}
Event: 7892.790 {heap After GC invocations=20 (full 1):
 garbage-first heap   total reserved 4118528K, committed 75776K, used 28774K [0x0000000704a00000, 0x0000000800000000)
  region size 2048K, 2 young (4096K), 2 survivors (4096K)
}
Event: 10869.561 {heap Before GC invocations=20 (full 1):
 garbage-first heap   total reserved 4118528K, committed 75776K, used 65638K [0x0000000704a00000, 0x0000000800000000)
  region size 2048K, 20 young (40960K), 2 survivors (4096K)
}
Event: 10869.581 {heap After GC invocations=21 (full 1):
 garbage-first heap   total reserved 4118528K, committed 75776K, used 28660K [0x0000000704a00000, 0x0000000800000000)
  region size 2048K, 2 young (4096K), 2 survivors (4096K)
}
Event: 12036.166 {heap Before GC invocations=21 (full 1):
 garbage-first heap   total reserved 4118528K, committed 75776K, used 61428K [0x0000000704a00000, 0x0000000800000000)
  region size 2048K, 19 young (38912K), 2 survivors (4096K)
}
Event: 12039.131 {heap After GC invocations=22 (full 2):
 garbage-first heap   total reserved 4118528K, committed 75776K, used 21588K [0x0000000704a00000, 0x0000000800000000)
  region size 2048K, 0 young (0K), 0 survivors (0K)
}
Event: 12050.668 {heap Before GC invocations=22 (full 2):
 garbage-first heap   total reserved 4118528K, committed 75776K, used 64596K [0x0000000704a00000, 0x0000000800000000)
  region size 2048K, 22 young (45056K), 0 survivors (0K)
}
Event: 12050.699 {heap After GC invocations=23 (full 2):
 garbage-first heap   total reserved 4118528K, committed 77824K, used 27754K [0x0000000704a00000, 0x0000000800000000)
  region size 2048K, 3 young (6144K), 3 survivors (6144K)
}
Event: 12056.002 {heap Before GC invocations=23 (full 2):
 garbage-first heap   total reserved 4118528K, committed 77824K, used 46186K [0x0000000704a00000, 0x0000000800000000)
  region size 2048K, 13 young (26624K), 3 survivors (6144K)
}

